<?xml version="1.0" encoding="UTF-8"?>
<testng-results ignored="0" total="1" passed="1" failed="0" skipped="0">
  <reporter-output>
  </reporter-output>
  <suite started-at="2024-01-03T17:11:10 IST" name="Default suite" finished-at="2024-01-03T17:11:15 IST" duration-ms="5445">
    <groups>
    </groups>
    <test started-at="2024-01-03T17:11:10 IST" name="Default test" finished-at="2024-01-03T17:11:15 IST" duration-ms="5445">
      <class name="com.simplilearn.bddtest.TestNg.StarHealthTest2">
        <test-method is-config="true" signature="openBrowser()[pri:0, instance:com.simplilearn.bddtest.TestNg.StarHealthTest2@196a42c3]" started-at="2024-01-03T17:11:10 IST" name="openBrowser" finished-at="2024-01-03T17:11:15 IST" duration-ms="5158" status="PASS">
          <reporter-output>
          </reporter-output>
        </test-method> <!-- openBrowser -->
        <test-method signature="test1()[pri:0, instance:com.simplilearn.bddtest.TestNg.StarHealthTest2@196a42c3]" started-at="2024-01-03T17:11:15 IST" name="test1" description="Test Home page title" finished-at="2024-01-03T17:11:15 IST" duration-ms="30" status="PASS">
          <reporter-output>
          </reporter-output>
        </test-method> <!-- test1 -->
        <test-method is-config="true" signature="cleanup()[pri:0, instance:com.simplilearn.bddtest.TestNg.StarHealthTest2@196a42c3]" started-at="2024-01-03T17:11:15 IST" name="cleanup" finished-at="2024-01-03T17:11:15 IST" duration-ms="193" status="PASS">
          <reporter-output>
          </reporter-output>
        </test-method> <!-- cleanup -->
      </class> <!-- com.simplilearn.bddtest.TestNg.StarHealthTest2 -->
    </test> <!-- Default test -->
  </suite> <!-- Default suite -->
</testng-results>
